<?xml version="1.0" encoding="UTF-8" ?>
<testsuite name="cxxtest" date="Tue Apr  8 19:42:04 2025" tests="5" errors="0" failures="0" time="0" >
    <testcase classname="MyTestSuite" name="testLinearOneRoot" line="11" />
    <testcase classname="MyTestSuite" name="testLinearNoRoots" line="31" />
    <testcase classname="MyTestSuite" name="testQuadratureNoRoots" line="46" />
    <testcase classname="MyTestSuite" name="testQuadratureOneRoot" line="61" />
    <testcase classname="MyTestSuite" name="testQuadratureTwoRoots" line="81" />
</testsuite>
